<?xml version="1.0" encoding="UTF-8"?>
<testng-results ignored="0" total="2" passed="2" failed="0" skipped="0">
  <reporter-output>
  </reporter-output>
  <suite started-at="2022-10-04T13:46:24 IST" name="Failed suite [Suite]" finished-at="2022-10-04T13:46:41 IST" duration-ms="16719">
    <groups>
    </groups>
    <test started-at="2022-10-04T13:46:24 IST" name="chromeTest(failed)" finished-at="2022-10-04T13:46:41 IST" duration-ms="16719">
      <class name="TestPackge.TestNGclass">
        <test-method is-config="true" signature="launchbrowser(java.lang.String)[pri:0, instance:TestPackge.TestNGclass@37afeb11]" started-at="2022-10-04T13:46:24 IST" name="launchbrowser" finished-at="2022-10-04T13:46:26 IST" duration-ms="1429" status="PASS">
          <params>
            <param index="0">
              <value>
                <![CDATA[chrome]]>
              </value>
            </param>
          </params>
          <reporter-output>
          </reporter-output>
        </test-method> <!-- launchbrowser -->
        <test-method is-config="true" signature="createPOMObjects()[pri:0, instance:TestPackge.TestNGclass@37afeb11]" started-at="2022-10-04T13:46:26 IST" name="createPOMObjects" finished-at="2022-10-04T13:46:26 IST" duration-ms="21" status="PASS">
          <reporter-output>
          </reporter-output>
        </test-method> <!-- createPOMObjects -->
        <test-method is-config="true" signature="verifymessgener()[pri:0, instance:TestPackge.TestNGclass@37afeb11]" started-at="2022-10-04T13:46:26 IST" name="verifymessgener" finished-at="2022-10-04T13:46:32 IST" duration-ms="6343" status="PASS">
          <reporter-output>
          </reporter-output>
        </test-method> <!-- verifymessgener -->
        <test-method signature="opencontacttohelpcenterpage()[pri:0, instance:TestPackge.TestNGclass@37afeb11]" started-at="2022-10-04T13:46:32 IST" name="opencontacttohelpcenterpage" finished-at="2022-10-04T13:46:34 IST" duration-ms="1876" status="PASS">
          <reporter-output>
          </reporter-output>
        </test-method> <!-- opencontacttohelpcenterpage -->
        <test-method is-config="true" signature="aftermethod(org.testng.ITestResult)[pri:0, instance:TestPackge.TestNGclass@37afeb11]" started-at="2022-10-04T13:46:34 IST" name="aftermethod" finished-at="2022-10-04T13:46:35 IST" duration-ms="483" status="PASS">
          <params>
            <param index="0">
              <value>
                <![CDATA[[TestResult name=opencontacttohelpcenterpage status=SUCCESS method=TestNGclass.opencontacttohelpcenterpage()[pri:0, instance:TestPackge.TestNGclass@37afeb11] output={null}]]]>
              </value>
            </param>
          </params>
          <reporter-output>
          </reporter-output>
        </test-method> <!-- aftermethod -->
        <test-method is-config="true" signature="verifymessgener()[pri:0, instance:TestPackge.TestNGclass@37afeb11]" started-at="2022-10-04T13:46:35 IST" name="verifymessgener" finished-at="2022-10-04T13:46:39 IST" duration-ms="4330" status="PASS">
          <reporter-output>
          </reporter-output>
        </test-method> <!-- verifymessgener -->
        <test-method signature="openmessgenerpage()[pri:0, instance:TestPackge.TestNGclass@37afeb11]" started-at="2022-10-04T13:46:39 IST" name="openmessgenerpage" finished-at="2022-10-04T13:46:41 IST" duration-ms="1802" status="PASS">
          <reporter-output>
          </reporter-output>
        </test-method> <!-- openmessgenerpage -->
        <test-method is-config="true" signature="aftermethod(org.testng.ITestResult)[pri:0, instance:TestPackge.TestNGclass@37afeb11]" started-at="2022-10-04T13:46:41 IST" name="aftermethod" finished-at="2022-10-04T13:46:41 IST" duration-ms="270" status="PASS">
          <params>
            <param index="0">
              <value>
                <![CDATA[[TestResult name=openmessgenerpage status=SUCCESS method=TestNGclass.openmessgenerpage()[pri:0, instance:TestPackge.TestNGclass@37afeb11] output={null}]]]>
              </value>
            </param>
          </params>
          <reporter-output>
          </reporter-output>
        </test-method> <!-- aftermethod -->
        <test-method is-config="true" signature="removeobjects()[pri:0, instance:TestPackge.TestNGclass@37afeb11]" started-at="2022-10-04T13:46:41 IST" name="removeobjects" finished-at="2022-10-04T13:46:41 IST" duration-ms="1" status="PASS">
          <reporter-output>
          </reporter-output>
        </test-method> <!-- removeobjects -->
        <test-method is-config="true" signature="closeBrowser()[pri:0, instance:TestPackge.TestNGclass@37afeb11]" started-at="2022-10-04T13:46:41 IST" name="closeBrowser" finished-at="2022-10-04T13:46:41 IST" duration-ms="131" status="PASS">
          <reporter-output>
          </reporter-output>
        </test-method> <!-- closeBrowser -->
      </class> <!-- TestPackge.TestNGclass -->
    </test> <!-- chromeTest(failed) -->
  </suite> <!-- Failed suite [Suite] -->
</testng-results>
